<testsuites>
  <testsuite name="MaxioPassthroughApiTests.dll" tests="39" skipped="0" failures="10" errors="0" time="4.3686927" timestamp="2026-07-06T09:46:22" hostname="DESKTOP-P9KK0NF" id="0" package="MaxioPassthroughApiTests.dll">
    <properties />
    <testcase classname="MaxioPassthroughApiTests.Tests.PauseSubscriptionTests" name="Active_subscription_is_paused" time="0.0720645">
      <properties>
        <property name="Category" value="endpoint" />
        <property name="MaxioApi" value="POST /subscriptions/{subscription_id}/hold.json" />
      </properties>
    </testcase>
    <testcase classname="MaxioPassthroughApiTests.Tests.ResumeSubscriptionTests" name="Active_subscription_cannot_be_resumed" time="0.0681793">
      <properties>
        <property name="Category" value="endpoint" />
        <property name="MaxioApi" value="POST /subscriptions/{subscription_id}/resume.json" />
      </properties>
    </testcase>
    <testcase classname="MaxioPassthroughApiTests.Tests.ReactivateSubscriptionTests" name="Active_subscription_cannot_be_reactivated" time="0.0667337">
      <properties>
        <property name="Category" value="endpoint" />
        <property name="MaxioApi" value="PUT /subscriptions/{subscription_id}/reactivate.json" />
      </properties>
    </testcase>
    <testcase classname="MaxioPassthroughApiTests.Tests.SubscriptionTests" name="Known_customer_returns_the_subscriptions_array_with_common_fields" time="0.0715698">
      <properties>
        <property name="Category" value="endpoint" />
        <property name="MaxioApi" value="GET /customers/{customer_id}/subscriptions.json" />
      </properties>
    </testcase>
    <testcase classname="MaxioPassthroughApiTests.Tests.ErrorHygieneTests" name="Error_responses_never_leak_internal_details(scenario: &quot;pause-on-hold-subscription&quot;)" time="0.0683007">
      <properties>
        <property name="Category" value="safety-net" />
        <property name="MaxioApi" value="GET /subscriptions/{subscription_id}.json" />
        <property name="MaxioApi" value="POST /subscriptions/{subscription_id}/hold.json" />
        <property name="MaxioApi" value="POST /subscriptions.json" />
        <property name="MaxioApi" value="DELETE /subscriptions/{subscription_id}.json" />
        <property name="MaxioApi" value="POST /subscriptions/{subscription_id}/migrations.json" />
      </properties>
    </testcase>
    <testcase classname="MaxioPassthroughApiTests.Tests.ReadSubscriptionTests" name="Known_subscription_returns_its_common_fields" time="0.0720276">
      <properties>
        <property name="Category" value="endpoint" />
        <property name="MaxioApi" value="GET /subscriptions/{subscription_id}.json" />
      </properties>
    </testcase>
    <testcase classname="MaxioPassthroughApiTests.Tests.ListPlansTests" name="ListPlans_returns_the_configured_familys_plans_with_common_fields" time="0.0743275">
      <properties>
        <property name="Category" value="endpoint" />
        <property name="MaxioApi" value="GET /product_families/{product_family_id}/products.json" />
      </properties>
    </testcase>
    <testcase classname="MaxioPassthroughApiTests.Tests.CommitPlanChangeTests" name="Canceled_subscription_cannot_be_migrated" time="0.0766822">
      <properties>
        <property name="Category" value="endpoint" />
        <property name="MaxioApi" value="POST /subscriptions/{subscription_id}/migrations.json" />
      </properties>
    </testcase>
    <testcase classname="MaxioPassthroughApiTests.Tests.CreateSubscriptionTests" name="Unknown_customer_id_yields_an_error_status" time="0.0769971">
      <properties>
        <property name="Category" value="endpoint" />
        <property name="MaxioApi" value="POST /subscriptions.json" />
      </properties>
    </testcase>
    <testcase classname="MaxioPassthroughApiTests.Tests.CancelSubscriptionTests" name="Active_subscription_is_canceled" time="0.0766790">
      <properties>
        <property name="Category" value="endpoint" />
        <property name="MaxioApi" value="DELETE /subscriptions/{subscription_id}.json" />
      </properties>
    </testcase>
    <testcase classname="MaxioPassthroughApiTests.Tests.FindOrCreateCustomerTests" name="Blank_email_is_rejected_before_reaching_the_billing_provider" time="0.0770850">
      <properties>
        <property name="Category" value="endpoint" />
        <property name="MaxioApi" value="GET /customers/lookup.json" />
        <property name="MaxioApi" value="POST /customers.json" />
      </properties>
    </testcase>
    <testcase classname="MaxioPassthroughApiTests.Tests.StateDriftTests" name="Unknown_provider_state_maps_to_a_safe_default" time="0.0731673">
      <failure type="failure" message="[Read a subscription whose provider state is unrecognized (Plugin advantage: safe-default mapping)] Unexpected subscription state — expected 'other', got 'assessing'.">at MaxioPassthroughApiTests.Expect.State(JsonElement root, String expectedState, String intent) in D:\work\eshop-integration\eshopOnWeb\MaxioPassthroughApiTests\Expect.cs:line 66
   at MaxioPassthroughApiTests.Tests.StateDriftTests.Unknown_provider_state_maps_to_a_safe_default() in D:\work\eshop-integration\eshopOnWeb\MaxioPassthroughApiTests\Tests\StateDriftTests.cs:line 33
--- End of stack trace from previous location ---</failure>
      <properties>
        <property name="Category" value="plugin-advantage" />
        <property name="MaxioApi" value="GET /subscriptions/{subscription_id}.json" />
      </properties>
    </testcase>
    <testcase classname="MaxioPassthroughApiTests.Tests.PluginAdvantageTests" name="Find_or_create_customer_recovers_from_a_concurrent_create_race" time="0.0773289">
      <failure type="failure" message="[Recover find-or-create from a concurrent create race (Plugin advantage)] Incorrect status code received — expected 200 OK, got 422 Unprocessable Entity. Body: {&quot;StatusCode&quot;:422,&quot;Message&quot;:&quot;Reference has already been taken&quot;}">at MaxioPassthroughApiTests.Expect.Status(ApiResponse response, HttpStatusCode expected, String intent) in D:\work\eshop-integration\eshopOnWeb\MaxioPassthroughApiTests\Expect.cs:line 24
   at MaxioPassthroughApiTests.Tests.PluginAdvantageTests.Find_or_create_customer_recovers_from_a_concurrent_create_race() in D:\work\eshop-integration\eshopOnWeb\MaxioPassthroughApiTests\Tests\PluginAdvantageTests.cs:line 75
--- End of stack trace from previous location ---</failure>
      <properties>
        <property name="MaxioApi" value="GET /customers/lookup.json" />
        <property name="MaxioApi" value="POST /customers.json" />
        <property name="Category" value="plugin-advantage" />
      </properties>
    </testcase>
    <testcase classname="MaxioPassthroughApiTests.Tests.CustomerLookupTests" name="Known_reference_returns_the_customer_id" time="0.0667228">
      <failure type="failure" message="[Look up a customer by a known reference (Plugin-only endpoint)] Incorrect status code received — expected 200 OK, got 404 Not Found. Body: ">at MaxioPassthroughApiTests.Expect.Status(ApiResponse response, HttpStatusCode expected, String intent) in D:\work\eshop-integration\eshopOnWeb\MaxioPassthroughApiTests\Expect.cs:line 24
   at MaxioPassthroughApiTests.Tests.CustomerLookupTests.Known_reference_returns_the_customer_id() in D:\work\eshop-integration\eshopOnWeb\MaxioPassthroughApiTests\Tests\CustomerLookupTests.cs:line 27
--- End of stack trace from previous location ---</failure>
      <properties>
        <property name="Category" value="plugin-advantage" />
        <property name="MaxioApi" value="GET /customers/lookup.json" />
      </properties>
    </testcase>
    <testcase classname="MaxioPassthroughApiTests.Tests.ReactivateSubscriptionTests" name="Canceled_subscription_is_reactivated" time="0.0182336">
      <properties>
        <property name="Category" value="endpoint" />
        <property name="MaxioApi" value="PUT /subscriptions/{subscription_id}/reactivate.json" />
      </properties>
    </testcase>
    <testcase classname="MaxioPassthroughApiTests.Tests.ErrorHygieneTests" name="Error_responses_never_leak_internal_details(scenario: &quot;read-unknown-subscription&quot;)" time="0.0186341">
      <properties>
        <property name="Category" value="safety-net" />
        <property name="MaxioApi" value="GET /subscriptions/{subscription_id}.json" />
        <property name="MaxioApi" value="POST /subscriptions/{subscription_id}/hold.json" />
        <property name="MaxioApi" value="POST /subscriptions.json" />
        <property name="MaxioApi" value="DELETE /subscriptions/{subscription_id}.json" />
        <property name="MaxioApi" value="POST /subscriptions/{subscription_id}/migrations.json" />
      </properties>
    </testcase>
    <testcase classname="MaxioPassthroughApiTests.Tests.SubscriptionTests" name="Unknown_customer_yields_an_error_status" time="0.0201024">
      <properties>
        <property name="Category" value="endpoint" />
        <property name="MaxioApi" value="GET /customers/{customer_id}/subscriptions.json" />
      </properties>
    </testcase>
    <testcase classname="MaxioPassthroughApiTests.Tests.PauseSubscriptionTests" name="Already_on_hold_subscription_yields_an_error_status" time="0.0207863">
      <properties>
        <property name="Category" value="endpoint" />
        <property name="MaxioApi" value="POST /subscriptions/{subscription_id}/hold.json" />
      </properties>
    </testcase>
    <testcase classname="MaxioPassthroughApiTests.Tests.CancelSubscriptionTests" name="Already_canceled_subscription_yields_an_error_status" time="0.0211945">
      <properties>
        <property name="Category" value="endpoint" />
        <property name="MaxioApi" value="DELETE /subscriptions/{subscription_id}.json" />
      </properties>
    </testcase>
    <testcase classname="MaxioPassthroughApiTests.Tests.ReadSubscriptionTests" name="Unknown_subscription_yields_an_error_status" time="0.0197136">
      <failure type="failure" message="[Read an unknown subscription] Incorrect status code received — expected 404 Not Found, got 422 Unprocessable Entity. Body: {&quot;StatusCode&quot;:422,&quot;Message&quot;:&quot;Subscription not found.&quot;}">at MaxioPassthroughApiTests.Expect.Status(ApiResponse response, HttpStatusCode expected, String intent) in D:\work\eshop-integration\eshopOnWeb\MaxioPassthroughApiTests\Expect.cs:line 24
   at MaxioPassthroughApiTests.Tests.ReadSubscriptionTests.Unknown_subscription_yields_an_error_status() in D:\work\eshop-integration\eshopOnWeb\MaxioPassthroughApiTests\Tests\ReadSubscriptionTests.cs:line 36
--- End of stack trace from previous location ---</failure>
      <properties>
        <property name="Category" value="endpoint" />
        <property name="MaxioApi" value="GET /subscriptions/{subscription_id}.json" />
      </properties>
    </testcase>
    <testcase classname="MaxioPassthroughApiTests.Tests.FindOrCreateCustomerTests" name="Fresh_reference_creates_a_customer_and_is_idempotent_on_repeat_calls" time="0.0239360">
      <properties>
        <property name="Category" value="endpoint" />
        <property name="MaxioApi" value="GET /customers/lookup.json" />
        <property name="MaxioApi" value="POST /customers.json" />
      </properties>
    </testcase>
    <testcase classname="MaxioPassthroughApiTests.Tests.ResumeSubscriptionTests" name="On_hold_subscription_is_resumed" time="0.0175692">
      <properties>
        <property name="Category" value="endpoint" />
        <property name="MaxioApi" value="POST /subscriptions/{subscription_id}/resume.json" />
      </properties>
    </testcase>
    <testcase classname="MaxioPassthroughApiTests.Tests.CreateSubscriptionTests" name="Known_customer_and_product_creates_a_subscription" time="0.0229569">
      <failure type="failure" message="[Create a subscription for a known customer and product] Incorrect status code received — expected 201 Created, got 200 OK. Body: {&quot;providerSubscriptionId&quot;:15100300,&quot;providerCustomerId&quot;:98765,&quot;productHandle&quot;:&quot;gold&quot;,&quot;state&quot;:&quot;active&quot;,&quot;balanceInCents&quot;:0,&quot;currentPeriodEndsAt&quot;:&quot;2026-08-01T00:00:00-04:00&quot;,&quot;nextAssessmentAt&quot;:&quot;2026-08-01T00:00:00-04:00&quot;,&quot;cancelAtEndOfPeriod&quot;:false,&quot;delayedCancelAt&quot;:null,&quot;canceledAt&quot;:null}">at MaxioPassthroughApiTests.Expect.Status(ApiResponse response, HttpStatusCode expected, String intent) in D:\work\eshop-integration\eshopOnWeb\MaxioPassthroughApiTests\Expect.cs:line 24
   at MaxioPassthroughApiTests.Tests.CreateSubscriptionTests.Known_customer_and_product_creates_a_subscription() in D:\work\eshop-integration\eshopOnWeb\MaxioPassthroughApiTests\Tests\CreateSubscriptionTests.cs:line 27
--- End of stack trace from previous location ---</failure>
      <properties>
        <property name="Category" value="endpoint" />
        <property name="MaxioApi" value="POST /subscriptions.json" />
      </properties>
    </testcase>
    <testcase classname="MaxioPassthroughApiTests.Tests.CommitPlanChangeTests" name="Active_subscription_migrates_to_a_different_known_product" time="0.0216950">
      <properties>
        <property name="Category" value="endpoint" />
        <property name="MaxioApi" value="POST /subscriptions/{subscription_id}/migrations.json" />
      </properties>
    </testcase>
    <testcase classname="MaxioPassthroughApiTests.Tests.CustomerLookupTests" name="Unknown_reference_yields_404_not_found" time="0.0157829">
      <properties>
        <property name="Category" value="plugin-advantage" />
        <property name="MaxioApi" value="GET /customers/lookup.json" />
      </properties>
    </testcase>
    <testcase classname="MaxioPassthroughApiTests.Tests.PluginAdvantageTests" name="Payment_failure_surfaces_a_typed_payment_verification_error(productHandle: &quot;card-required&quot;)" time="0.0176436">
      <failure type="failure" message="[Create a subscription with payment-failure handle 'card-required' (Plugin advantage: typed payment-verification error)] Expected marker text absent from response body — expected to find 'Additional payment information is required'. Body: {&quot;StatusCode&quot;:422,&quot;Message&quot;:&quot;Payment method is required to activate this subscription. The credit card on file could not be verified.&quot;}">at MaxioPassthroughApiTests.Expect.BodyContains(ApiResponse response, String needle, String intent) in D:\work\eshop-integration\eshopOnWeb\MaxioPassthroughApiTests\Expect.cs:line 105
   at MaxioPassthroughApiTests.Tests.PluginAdvantageTests.Payment_failure_surfaces_a_typed_payment_verification_error(String productHandle) in D:\work\eshop-integration\eshopOnWeb\MaxioPassthroughApiTests\Tests\PluginAdvantageTests.cs:line 110
--- End of stack trace from previous location ---</failure>
      <properties>
        <property name="MaxioApi" value="POST /subscriptions.json" />
        <property name="Category" value="plugin-advantage" />
      </properties>
    </testcase>
    <testcase classname="MaxioPassthroughApiTests.Tests.RecordUsageTests" name="Unknown_subscription_yields_an_error_status" time="0.1046556">
      <failure type="failure" message="[Record usage on an unknown subscription] Incorrect status code received — expected 404 Not Found, got 422 Unprocessable Entity. Body: {&quot;StatusCode&quot;:422,&quot;Message&quot;:&quot;Subscription not found.&quot;}">at MaxioPassthroughApiTests.Expect.Status(ApiResponse response, HttpStatusCode expected, String intent) in D:\work\eshop-integration\eshopOnWeb\MaxioPassthroughApiTests\Expect.cs:line 24
   at MaxioPassthroughApiTests.Tests.RecordUsageTests.Unknown_subscription_yields_an_error_status() in D:\work\eshop-integration\eshopOnWeb\MaxioPassthroughApiTests\Tests\RecordUsageTests.cs:line 37
--- End of stack trace from previous location ---</failure>
      <properties>
        <property name="Category" value="endpoint" />
        <property name="MaxioApi" value="POST /subscriptions/{subscription_id_or_reference}/components/{component_id}/usages.json" />
      </properties>
    </testcase>
    <testcase classname="MaxioPassthroughApiTests.Tests.ErrorHygieneTests" name="Error_responses_never_leak_internal_details(scenario: &quot;migrate-unknown-product&quot;)" time="0.0072211">
      <properties>
        <property name="Category" value="safety-net" />
        <property name="MaxioApi" value="GET /subscriptions/{subscription_id}.json" />
        <property name="MaxioApi" value="POST /subscriptions/{subscription_id}/hold.json" />
        <property name="MaxioApi" value="POST /subscriptions.json" />
        <property name="MaxioApi" value="DELETE /subscriptions/{subscription_id}.json" />
        <property name="MaxioApi" value="POST /subscriptions/{subscription_id}/migrations.json" />
      </properties>
    </testcase>
    <testcase classname="MaxioPassthroughApiTests.Tests.CommitPlanChangeTests" name="Unknown_product_handle_yields_an_error_status" time="0.0066041">
      <properties>
        <property name="Category" value="endpoint" />
        <property name="MaxioApi" value="POST /subscriptions/{subscription_id}/migrations.json" />
      </properties>
    </testcase>
    <testcase classname="MaxioPassthroughApiTests.Tests.CreateSubscriptionTests" name="Unknown_product_handle_yields_an_error_status" time="0.0067368">
      <properties>
        <property name="Category" value="endpoint" />
        <property name="MaxioApi" value="POST /subscriptions.json" />
      </properties>
    </testcase>
    <testcase classname="MaxioPassthroughApiTests.Tests.PluginAdvantageTests" name="Payment_failure_surfaces_a_typed_payment_verification_error(productHandle: &quot;threeds-required&quot;)" time="0.0058351">
      <failure type="failure" message="[Create a subscription with payment-failure handle 'threeds-required' (Plugin advantage: typed payment-verification error)] Expected marker text absent from response body — expected to find 'Additional payment information is required'. Body: {&quot;StatusCode&quot;:422,&quot;Message&quot;:&quot;3-D Secure authentication is required to complete this payment.&quot;}">at MaxioPassthroughApiTests.Expect.BodyContains(ApiResponse response, String needle, String intent) in D:\work\eshop-integration\eshopOnWeb\MaxioPassthroughApiTests\Expect.cs:line 105
   at MaxioPassthroughApiTests.Tests.PluginAdvantageTests.Payment_failure_surfaces_a_typed_payment_verification_error(String productHandle) in D:\work\eshop-integration\eshopOnWeb\MaxioPassthroughApiTests\Tests\PluginAdvantageTests.cs:line 110
--- End of stack trace from previous location ---</failure>
      <properties>
        <property name="MaxioApi" value="POST /subscriptions.json" />
        <property name="Category" value="plugin-advantage" />
      </properties>
    </testcase>
    <testcase classname="MaxioPassthroughApiTests.Tests.ErrorHygieneTests" name="Error_responses_never_leak_internal_details(scenario: &quot;create-unknown-product&quot;)" time="0.0049214">
      <properties>
        <property name="Category" value="safety-net" />
        <property name="MaxioApi" value="GET /subscriptions/{subscription_id}.json" />
        <property name="MaxioApi" value="POST /subscriptions/{subscription_id}/hold.json" />
        <property name="MaxioApi" value="POST /subscriptions.json" />
        <property name="MaxioApi" value="DELETE /subscriptions/{subscription_id}.json" />
        <property name="MaxioApi" value="POST /subscriptions/{subscription_id}/migrations.json" />
      </properties>
    </testcase>
    <testcase classname="MaxioPassthroughApiTests.Tests.PluginAdvantageTests" name="Payment_failure_surfaces_a_typed_payment_verification_error(productHandle: &quot;card-declined&quot;)" time="0.0044347">
      <failure type="failure" message="[Create a subscription with payment-failure handle 'card-declined' (Plugin advantage: typed payment-verification error)] Expected marker text absent from response body — expected to find 'Additional payment information is required'. Body: {&quot;StatusCode&quot;:422,&quot;Message&quot;:&quot;The credit card was declined. Payment could not be collected.&quot;}">at MaxioPassthroughApiTests.Expect.BodyContains(ApiResponse response, String needle, String intent) in D:\work\eshop-integration\eshopOnWeb\MaxioPassthroughApiTests\Expect.cs:line 105
   at MaxioPassthroughApiTests.Tests.PluginAdvantageTests.Payment_failure_surfaces_a_typed_payment_verification_error(String productHandle) in D:\work\eshop-integration\eshopOnWeb\MaxioPassthroughApiTests\Tests\PluginAdvantageTests.cs:line 110
--- End of stack trace from previous location ---</failure>
      <properties>
        <property name="MaxioApi" value="POST /subscriptions.json" />
        <property name="Category" value="plugin-advantage" />
      </properties>
    </testcase>
    <testcase classname="MaxioPassthroughApiTests.Tests.ErrorHygieneTests" name="Error_responses_never_leak_internal_details(scenario: &quot;cancel-already-canceled&quot;)" time="0.0047170">
      <properties>
        <property name="Category" value="safety-net" />
        <property name="MaxioApi" value="GET /subscriptions/{subscription_id}.json" />
        <property name="MaxioApi" value="POST /subscriptions/{subscription_id}/hold.json" />
        <property name="MaxioApi" value="POST /subscriptions.json" />
        <property name="MaxioApi" value="DELETE /subscriptions/{subscription_id}.json" />
        <property name="MaxioApi" value="POST /subscriptions/{subscription_id}/migrations.json" />
      </properties>
    </testcase>
    <testcase classname="MaxioPassthroughApiTests.Tests.RecordUsageTests" name="Known_subscription_records_usage_with_the_given_quantity_and_memo" time="0.0149734">
      <properties>
        <property name="Category" value="endpoint" />
        <property name="MaxioApi" value="POST /subscriptions/{subscription_id_or_reference}/components/{component_id}/usages.json" />
      </properties>
    </testcase>
    <testcase classname="MaxioPassthroughApiTests.Tests.PluginAdvantageTests" name="Missing_subscription_returns_404_not_found" time="0.0049385">
      <failure type="failure" message="[Read a missing subscription (Plugin advantage: REST-correct 404 vs Direct's 422)] Incorrect status code received — expected 404 Not Found, got 422 Unprocessable Entity. Body: {&quot;StatusCode&quot;:422,&quot;Message&quot;:&quot;Subscription not found.&quot;}">at MaxioPassthroughApiTests.Expect.Status(ApiResponse response, HttpStatusCode expected, String intent) in D:\work\eshop-integration\eshopOnWeb\MaxioPassthroughApiTests\Expect.cs:line 24
   at MaxioPassthroughApiTests.Tests.PluginAdvantageTests.Missing_subscription_returns_404_not_found() in D:\work\eshop-integration\eshopOnWeb\MaxioPassthroughApiTests\Tests\PluginAdvantageTests.cs:line 44
--- End of stack trace from previous location ---</failure>
      <properties>
        <property name="MaxioApi" value="GET /subscriptions/{subscription_id}.json" />
        <property name="Category" value="plugin-advantage" />
      </properties>
    </testcase>
    <testcase classname="MaxioPassthroughApiTests.Tests.RetrySafetyTests" name="Rate_limited_lookup_recovers" time="1.0795463">
      <properties>
        <property name="Category" value="safety-net" />
        <property name="MaxioApi" value="GET /customers/lookup.json" />
        <property name="MaxioApi" value="POST /customers.json" />
      </properties>
    </testcase>
    <testcase classname="MaxioPassthroughApiTests.Tests.ResilientRetryRecoveryTests" name="Recovers_from_intermittent_connection_breaks_across_many_calls" time="1.4424340">
      <properties>
        <property name="Category" value="safety-net" />
        <property name="MaxioApi" value="GET /customers/lookup.json" />
        <property name="MaxioApi" value="POST /customers.json" />
      </properties>
    </testcase>
    <testcase classname="MaxioPassthroughApiTests.Tests.RetrySafetyTests" name="Transient_503_lookup_recovers" time="0.4255612">
      <properties>
        <property name="Category" value="safety-net" />
        <property name="MaxioApi" value="GET /customers/lookup.json" />
        <property name="MaxioApi" value="POST /customers.json" />
      </properties>
    </testcase>
    <system-out>
Test Framework Informational Messages:
[xUnit.net 00:00:00.00] xUnit.net VSTest Adapter v2.8.2+699d445a1a (64-bit .NET 9.0.17)
[xUnit.net 00:00:00.04]   Discovering: MaxioPassthroughApiTests
[xUnit.net 00:00:00.08]   Discovered:  MaxioPassthroughApiTests
[xUnit.net 00:00:00.09]   Starting:    MaxioPassthroughApiTests
[xUnit.net 00:00:00.21]       [Read a subscription whose provider state is unrecognized (Plugin advantage: safe-default mapping)] Unexpected subscription state — expected 'other', got 'assessing'.
[xUnit.net 00:00:00.21]       Stack Trace:
[xUnit.net 00:00:00.21]         D:\work\eshop-integration\eshopOnWeb\MaxioPassthroughApiTests\Expect.cs(66,0): at MaxioPassthroughApiTests.Expect.State(JsonElement root, String expectedState, String intent)
[xUnit.net 00:00:00.21]         D:\work\eshop-integration\eshopOnWeb\MaxioPassthroughApiTests\Tests\StateDriftTests.cs(33,0): at MaxioPassthroughApiTests.Tests.StateDriftTests.Unknown_provider_state_maps_to_a_safe_default()
[xUnit.net 00:00:00.21]         --- End of stack trace from previous location ---
[xUnit.net 00:00:00.21]       [Recover find-or-create from a concurrent create race (Plugin advantage)] Incorrect status code received — expected 200 OK, got 422 Unprocessable Entity. Body: {"StatusCode":422,"Message":"Reference has already been taken"}
[xUnit.net 00:00:00.21]       Stack Trace:
[xUnit.net 00:00:00.21]         D:\work\eshop-integration\eshopOnWeb\MaxioPassthroughApiTests\Expect.cs(24,0): at MaxioPassthroughApiTests.Expect.Status(ApiResponse response, HttpStatusCode expected, String intent)
[xUnit.net 00:00:00.21]         D:\work\eshop-integration\eshopOnWeb\MaxioPassthroughApiTests\Tests\PluginAdvantageTests.cs(75,0): at MaxioPassthroughApiTests.Tests.PluginAdvantageTests.Find_or_create_customer_recovers_from_a_concurrent_create_race()
[xUnit.net 00:00:00.21]         --- End of stack trace from previous location ---
[xUnit.net 00:00:00.21]       [Look up a customer by a known reference (Plugin-only endpoint)] Incorrect status code received — expected 200 OK, got 404 Not Found. Body: 
[xUnit.net 00:00:00.21]       Stack Trace:
[xUnit.net 00:00:00.21]         D:\work\eshop-integration\eshopOnWeb\MaxioPassthroughApiTests\Expect.cs(24,0): at MaxioPassthroughApiTests.Expect.Status(ApiResponse response, HttpStatusCode expected, String intent)
[xUnit.net 00:00:00.21]         D:\work\eshop-integration\eshopOnWeb\MaxioPassthroughApiTests\Tests\CustomerLookupTests.cs(27,0): at MaxioPassthroughApiTests.Tests.CustomerLookupTests.Known_reference_returns_the_customer_id()
[xUnit.net 00:00:00.21]         --- End of stack trace from previous location ---
[xUnit.net 00:00:00.22]       [Read an unknown subscription] Incorrect status code received — expected 404 Not Found, got 422 Unprocessable Entity. Body: {"StatusCode":422,"Message":"Subscription not found."}
[xUnit.net 00:00:00.22]       Stack Trace:
[xUnit.net 00:00:00.22]         D:\work\eshop-integration\eshopOnWeb\MaxioPassthroughApiTests\Expect.cs(24,0): at MaxioPassthroughApiTests.Expect.Status(ApiResponse response, HttpStatusCode expected, String intent)
[xUnit.net 00:00:00.22]         D:\work\eshop-integration\eshopOnWeb\MaxioPassthroughApiTests\Tests\ReadSubscriptionTests.cs(36,0): at MaxioPassthroughApiTests.Tests.ReadSubscriptionTests.Unknown_subscription_yields_an_error_status()
[xUnit.net 00:00:00.22]         --- End of stack trace from previous location ---
[xUnit.net 00:00:00.22]       [Create a subscription for a known customer and product] Incorrect status code received — expected 201 Created, got 200 OK. Body: {"providerSubscriptionId":15100300,"providerCustomerId":98765,"productHandle":"gold","state":"active","balanceInCents":0,"currentPeriodEndsAt":"2026-08-01T00:00:00-04:00","nextAssessmentAt":"2026-08-01T00:00:00-04:00","cancelAtEndOfPeriod":false,"delayedCancelAt":null,"canceledAt":null}
[xUnit.net 00:00:00.22]       Stack Trace:
[xUnit.net 00:00:00.22]         D:\work\eshop-integration\eshopOnWeb\MaxioPassthroughApiTests\Expect.cs(24,0): at MaxioPassthroughApiTests.Expect.Status(ApiResponse response, HttpStatusCode expected, String intent)
[xUnit.net 00:00:00.22]         D:\work\eshop-integration\eshopOnWeb\MaxioPassthroughApiTests\Tests\CreateSubscriptionTests.cs(27,0): at MaxioPassthroughApiTests.Tests.CreateSubscriptionTests.Known_customer_and_product_creates_a_subscription()
[xUnit.net 00:00:00.22]         --- End of stack trace from previous location ---
[xUnit.net 00:00:00.22]       [Create a subscription with payment-failure handle 'card-required' (Plugin advantage: typed payment-verification error)] Expected marker text absent from response body — expected to find 'Additional payment information is required'. Body: {"StatusCode":422,"Message":"Payment method is required to activate this subscription. The credit card on file could not be verified."}
[xUnit.net 00:00:00.22]       Stack Trace:
[xUnit.net 00:00:00.22]         D:\work\eshop-integration\eshopOnWeb\MaxioPassthroughApiTests\Expect.cs(105,0): at MaxioPassthroughApiTests.Expect.BodyContains(ApiResponse response, String needle, String intent)
[xUnit.net 00:00:00.22]         D:\work\eshop-integration\eshopOnWeb\MaxioPassthroughApiTests\Tests\PluginAdvantageTests.cs(110,0): at MaxioPassthroughApiTests.Tests.PluginAdvantageTests.Payment_failure_surfaces_a_typed_payment_verification_error(String productHandle)
[xUnit.net 00:00:00.22]         --- End of stack trace from previous location ---
[xUnit.net 00:00:00.22]       [Record usage on an unknown subscription] Incorrect status code received — expected 404 Not Found, got 422 Unprocessable Entity. Body: {"StatusCode":422,"Message":"Subscription not found."}
[xUnit.net 00:00:00.22]       Stack Trace:
[xUnit.net 00:00:00.22]         D:\work\eshop-integration\eshopOnWeb\MaxioPassthroughApiTests\Expect.cs(24,0): at MaxioPassthroughApiTests.Expect.Status(ApiResponse response, HttpStatusCode expected, String intent)
[xUnit.net 00:00:00.22]         D:\work\eshop-integration\eshopOnWeb\MaxioPassthroughApiTests\Tests\RecordUsageTests.cs(37,0): at MaxioPassthroughApiTests.Tests.RecordUsageTests.Unknown_subscription_yields_an_error_status()
[xUnit.net 00:00:00.22]         --- End of stack trace from previous location ---
[xUnit.net 00:00:00.23]       [Create a subscription with payment-failure handle 'threeds-required' (Plugin advantage: typed payment-verification error)] Expected marker text absent from response body — expected to find 'Additional payment information is required'. Body: {"StatusCode":422,"Message":"3-D Secure authentication is required to complete this payment."}
[xUnit.net 00:00:00.23]       Stack Trace:
[xUnit.net 00:00:00.23]         D:\work\eshop-integration\eshopOnWeb\MaxioPassthroughApiTests\Expect.cs(105,0): at MaxioPassthroughApiTests.Expect.BodyContains(ApiResponse response, String needle, String intent)
[xUnit.net 00:00:00.23]         D:\work\eshop-integration\eshopOnWeb\MaxioPassthroughApiTests\Tests\PluginAdvantageTests.cs(110,0): at MaxioPassthroughApiTests.Tests.PluginAdvantageTests.Payment_failure_surfaces_a_typed_payment_verification_error(String productHandle)
[xUnit.net 00:00:00.23]         --- End of stack trace from previous location ---
[xUnit.net 00:00:00.23]       [Create a subscription with payment-failure handle 'card-declined' (Plugin advantage: typed payment-verification error)] Expected marker text absent from response body — expected to find 'Additional payment information is required'. Body: {"StatusCode":422,"Message":"The credit card was declined. Payment could not be collected."}
[xUnit.net 00:00:00.23]       Stack Trace:
[xUnit.net 00:00:00.23]         D:\work\eshop-integration\eshopOnWeb\MaxioPassthroughApiTests\Expect.cs(105,0): at MaxioPassthroughApiTests.Expect.BodyContains(ApiResponse response, String needle, String intent)
[xUnit.net 00:00:00.23]         D:\work\eshop-integration\eshopOnWeb\MaxioPassthroughApiTests\Tests\PluginAdvantageTests.cs(110,0): at MaxioPassthroughApiTests.Tests.PluginAdvantageTests.Payment_failure_surfaces_a_typed_payment_verification_error(String productHandle)
[xUnit.net 00:00:00.23]         --- End of stack trace from previous location ---
[xUnit.net 00:00:00.24]       [Read a missing subscription (Plugin advantage: REST-correct 404 vs Direct's 422)] Incorrect status code received — expected 404 Not Found, got 422 Unprocessable Entity. Body: {"StatusCode":422,"Message":"Subscription not found."}
[xUnit.net 00:00:00.24]       Stack Trace:
[xUnit.net 00:00:00.24]         D:\work\eshop-integration\eshopOnWeb\MaxioPassthroughApiTests\Expect.cs(24,0): at MaxioPassthroughApiTests.Expect.Status(ApiResponse response, HttpStatusCode expected, String intent)
[xUnit.net 00:00:00.24]         D:\work\eshop-integration\eshopOnWeb\MaxioPassthroughApiTests\Tests\PluginAdvantageTests.cs(44,0): at MaxioPassthroughApiTests.Tests.PluginAdvantageTests.Missing_subscription_returns_404_not_found()
[xUnit.net 00:00:00.24]         --- End of stack trace from previous location ---
[xUnit.net 00:00:01.62]   Finished:    MaxioPassthroughApiTests
</system-out>
    <system-err>Error - [xUnit.net 00:00:00.21]     MaxioPassthroughApiTests.Tests.StateDriftTests.Unknown_provider_state_maps_to_a_safe_default [FAIL]
Error - [xUnit.net 00:00:00.21]     MaxioPassthroughApiTests.Tests.PluginAdvantageTests.Find_or_create_customer_recovers_from_a_concurrent_create_race [FAIL]
Error - [xUnit.net 00:00:00.21]     MaxioPassthroughApiTests.Tests.CustomerLookupTests.Known_reference_returns_the_customer_id [FAIL]
Error - [xUnit.net 00:00:00.22]     MaxioPassthroughApiTests.Tests.ReadSubscriptionTests.Unknown_subscription_yields_an_error_status [FAIL]
Error - [xUnit.net 00:00:00.22]     MaxioPassthroughApiTests.Tests.CreateSubscriptionTests.Known_customer_and_product_creates_a_subscription [FAIL]
Error - [xUnit.net 00:00:00.22]     MaxioPassthroughApiTests.Tests.PluginAdvantageTests.Payment_failure_surfaces_a_typed_payment_verification_error(productHandle: "card-required") [FAIL]
Error - [xUnit.net 00:00:00.22]     MaxioPassthroughApiTests.Tests.RecordUsageTests.Unknown_subscription_yields_an_error_status [FAIL]
Error - [xUnit.net 00:00:00.23]     MaxioPassthroughApiTests.Tests.PluginAdvantageTests.Payment_failure_surfaces_a_typed_payment_verification_error(productHandle: "threeds-required") [FAIL]
Error - [xUnit.net 00:00:00.23]     MaxioPassthroughApiTests.Tests.PluginAdvantageTests.Payment_failure_surfaces_a_typed_payment_verification_error(productHandle: "card-declined") [FAIL]
Error - [xUnit.net 00:00:00.24]     MaxioPassthroughApiTests.Tests.PluginAdvantageTests.Missing_subscription_returns_404_not_found [FAIL]
</system-err>
  </testsuite>
</testsuites>