<testsuites>
  <testsuite name="MaxioPassthroughApiTests.dll" tests="39" skipped="0" failures="10" errors="0" time="5.5412889" timestamp="2026-07-06T08:14:23" hostname="DESKTOP-P9KK0NF" id="0" package="MaxioPassthroughApiTests.dll">
    <properties />
    <testcase classname="MaxioPassthroughApiTests.Tests.ListPlansTests" name="ListPlans_returns_the_configured_familys_plans_with_common_fields" time="0.0772331">
      <properties>
        <property name="Category" value="endpoint" />
        <property name="MaxioApi" value="GET /product_families/{product_family_id}/products.json" />
      </properties>
    </testcase>
    <testcase classname="MaxioPassthroughApiTests.Tests.CustomerLookupTests" name="Known_reference_returns_the_customer_id" time="0.0701784">
      <failure type="failure" message="Assert.Equal() Failure: Values differ&#xD;&#xA;Expected: OK&#xD;&#xA;Actual:   NotFound">at MaxioPassthroughApiTests.Tests.CustomerLookupTests.Known_reference_returns_the_customer_id() in D:\work\eshop-integration\eshopOnWeb\MaxioPassthroughApiTests\Tests\CustomerLookupTests.cs:line 26
--- End of stack trace from previous location ---</failure>
      <properties>
        <property name="Category" value="plugin-advantage" />
        <property name="MaxioApi" value="GET /customers/lookup.json" />
      </properties>
    </testcase>
    <testcase classname="MaxioPassthroughApiTests.Tests.PauseSubscriptionTests" name="Active_subscription_is_paused" time="0.1041576">
      <properties>
        <property name="Category" value="endpoint" />
        <property name="MaxioApi" value="POST /subscriptions/{subscription_id}/hold.json" />
      </properties>
    </testcase>
    <testcase classname="MaxioPassthroughApiTests.Tests.ReadSubscriptionTests" name="Known_subscription_returns_its_common_fields" time="0.1044083">
      <properties>
        <property name="Category" value="endpoint" />
        <property name="MaxioApi" value="GET /subscriptions/{subscription_id}.json" />
      </properties>
    </testcase>
    <testcase classname="MaxioPassthroughApiTests.Tests.FindOrCreateCustomerTests" name="Blank_email_is_rejected_before_reaching_the_billing_provider" time="0.1075497">
      <properties>
        <property name="Category" value="endpoint" />
        <property name="MaxioApi" value="GET /customers/lookup.json" />
        <property name="MaxioApi" value="POST /customers.json" />
      </properties>
    </testcase>
    <testcase classname="MaxioPassthroughApiTests.Tests.StateDriftTests" name="Unknown_provider_state_maps_to_a_safe_default" time="0.1061483">
      <failure type="failure" message="Expected the unknown provider state to map to a safe default 'Other', got 'assessing'.">at MaxioPassthroughApiTests.Tests.StateDriftTests.Unknown_provider_state_maps_to_a_safe_default() in D:\work\eshop-integration\eshopOnWeb\MaxioPassthroughApiTests\Tests\StateDriftTests.cs:line 33
--- End of stack trace from previous location ---</failure>
      <properties>
        <property name="Category" value="plugin-advantage" />
        <property name="MaxioApi" value="GET /subscriptions/{subscription_id}.json" />
      </properties>
    </testcase>
    <testcase classname="MaxioPassthroughApiTests.Tests.SubscriptionTests" name="Known_customer_returns_the_subscriptions_array_with_common_fields" time="0.1065970">
      <properties>
        <property name="Category" value="endpoint" />
        <property name="MaxioApi" value="GET /customers/{customer_id}/subscriptions.json" />
      </properties>
    </testcase>
    <testcase classname="MaxioPassthroughApiTests.Tests.ResumeSubscriptionTests" name="Active_subscription_cannot_be_resumed" time="0.1100818">
      <properties>
        <property name="Category" value="endpoint" />
        <property name="MaxioApi" value="POST /subscriptions/{subscription_id}/resume.json" />
      </properties>
    </testcase>
    <testcase classname="MaxioPassthroughApiTests.Tests.CustomerLookupTests" name="Unknown_reference_yields_404_not_found" time="0.0235293">
      <properties>
        <property name="Category" value="plugin-advantage" />
        <property name="MaxioApi" value="GET /customers/lookup.json" />
      </properties>
    </testcase>
    <testcase classname="MaxioPassthroughApiTests.Tests.ReactivateSubscriptionTests" name="Active_subscription_cannot_be_reactivated" time="0.1131640">
      <properties>
        <property name="Category" value="endpoint" />
        <property name="MaxioApi" value="PUT /subscriptions/{subscription_id}/reactivate.json" />
      </properties>
    </testcase>
    <testcase classname="MaxioPassthroughApiTests.Tests.CommitPlanChangeTests" name="Canceled_subscription_cannot_be_migrated" time="0.1136701">
      <properties>
        <property name="Category" value="endpoint" />
        <property name="MaxioApi" value="POST /subscriptions/{subscription_id}/migrations.json" />
      </properties>
    </testcase>
    <testcase classname="MaxioPassthroughApiTests.Tests.ErrorHygieneTests" name="Error_responses_never_leak_internal_details(scenario: &quot;pause-on-hold-subscription&quot;)" time="0.1144216">
      <properties>
        <property name="Category" value="safety-net" />
        <property name="MaxioApi" value="GET /subscriptions/{subscription_id}.json" />
        <property name="MaxioApi" value="POST /subscriptions/{subscription_id}/hold.json" />
        <property name="MaxioApi" value="POST /subscriptions.json" />
        <property name="MaxioApi" value="DELETE /subscriptions/{subscription_id}.json" />
        <property name="MaxioApi" value="POST /subscriptions/{subscription_id}/migrations.json" />
      </properties>
    </testcase>
    <testcase classname="MaxioPassthroughApiTests.Tests.CancelSubscriptionTests" name="Active_subscription_is_canceled" time="0.1142458">
      <properties>
        <property name="Category" value="endpoint" />
        <property name="MaxioApi" value="DELETE /subscriptions/{subscription_id}.json" />
      </properties>
    </testcase>
    <testcase classname="MaxioPassthroughApiTests.Tests.PluginAdvantageTests" name="Find_or_create_customer_recovers_from_a_concurrent_create_race" time="0.1167642">
      <failure type="failure" message="Assert.Equal() Failure: Values differ&#xD;&#xA;Expected: OK&#xD;&#xA;Actual:   UnprocessableEntity">at MaxioPassthroughApiTests.Tests.PluginAdvantageTests.Find_or_create_customer_recovers_from_a_concurrent_create_race() in D:\work\eshop-integration\eshopOnWeb\MaxioPassthroughApiTests\Tests\PluginAdvantageTests.cs:line 73
--- End of stack trace from previous location ---</failure>
      <properties>
        <property name="MaxioApi" value="GET /customers/lookup.json" />
        <property name="MaxioApi" value="POST /customers.json" />
        <property name="Category" value="plugin-advantage" />
      </properties>
    </testcase>
    <testcase classname="MaxioPassthroughApiTests.Tests.RecordUsageTests" name="Unknown_subscription_yields_an_error_status" time="0.1186905">
      <failure type="failure" message="Expected 404, got 422. Body: {&quot;StatusCode&quot;:422,&quot;Message&quot;:&quot;Subscription not found.&quot;}">at MaxioPassthroughApiTests.Tests.RecordUsageTests.Unknown_subscription_yields_an_error_status() in D:\work\eshop-integration\eshopOnWeb\MaxioPassthroughApiTests\Tests\RecordUsageTests.cs:line 35
--- End of stack trace from previous location ---</failure>
      <properties>
        <property name="Category" value="endpoint" />
        <property name="MaxioApi" value="POST /subscriptions/{subscription_id_or_reference}/components/{component_id}/usages.json" />
      </properties>
    </testcase>
    <testcase classname="MaxioPassthroughApiTests.Tests.ReadSubscriptionTests" name="Unknown_subscription_yields_an_error_status" time="0.0139112">
      <failure type="failure" message="Expected 404 for an unknown subscription id, but got 422. Body: {&quot;StatusCode&quot;:422,&quot;Message&quot;:&quot;Subscription not found.&quot;}">at MaxioPassthroughApiTests.Tests.ReadSubscriptionTests.Unknown_subscription_yields_an_error_status() in D:\work\eshop-integration\eshopOnWeb\MaxioPassthroughApiTests\Tests\ReadSubscriptionTests.cs:line 34
--- End of stack trace from previous location ---</failure>
      <properties>
        <property name="Category" value="endpoint" />
        <property name="MaxioApi" value="GET /subscriptions/{subscription_id}.json" />
      </properties>
    </testcase>
    <testcase classname="MaxioPassthroughApiTests.Tests.PauseSubscriptionTests" name="Already_on_hold_subscription_yields_an_error_status" time="0.0161091">
      <properties>
        <property name="Category" value="endpoint" />
        <property name="MaxioApi" value="POST /subscriptions/{subscription_id}/hold.json" />
      </properties>
    </testcase>
    <testcase classname="MaxioPassthroughApiTests.Tests.ResumeSubscriptionTests" name="On_hold_subscription_is_resumed" time="0.0131734">
      <properties>
        <property name="Category" value="endpoint" />
        <property name="MaxioApi" value="POST /subscriptions/{subscription_id}/resume.json" />
      </properties>
    </testcase>
    <testcase classname="MaxioPassthroughApiTests.Tests.SubscriptionTests" name="Unknown_customer_yields_an_error_status" time="0.0149868">
      <properties>
        <property name="Category" value="endpoint" />
        <property name="MaxioApi" value="GET /customers/{customer_id}/subscriptions.json" />
      </properties>
    </testcase>
    <testcase classname="MaxioPassthroughApiTests.Tests.CommitPlanChangeTests" name="Active_subscription_migrates_to_a_different_known_product" time="0.0130180">
      <properties>
        <property name="Category" value="endpoint" />
        <property name="MaxioApi" value="POST /subscriptions/{subscription_id}/migrations.json" />
      </properties>
    </testcase>
    <testcase classname="MaxioPassthroughApiTests.Tests.ReactivateSubscriptionTests" name="Canceled_subscription_is_reactivated" time="0.0117594">
      <properties>
        <property name="Category" value="endpoint" />
        <property name="MaxioApi" value="PUT /subscriptions/{subscription_id}/reactivate.json" />
      </properties>
    </testcase>
    <testcase classname="MaxioPassthroughApiTests.Tests.FindOrCreateCustomerTests" name="Fresh_reference_creates_a_customer_and_is_idempotent_on_repeat_calls" time="0.0185399">
      <properties>
        <property name="Category" value="endpoint" />
        <property name="MaxioApi" value="GET /customers/lookup.json" />
        <property name="MaxioApi" value="POST /customers.json" />
      </properties>
    </testcase>
    <testcase classname="MaxioPassthroughApiTests.Tests.CreateSubscriptionTests" name="Unknown_customer_id_yields_an_error_status" time="0.1310726">
      <properties>
        <property name="Category" value="endpoint" />
        <property name="MaxioApi" value="POST /subscriptions.json" />
      </properties>
    </testcase>
    <testcase classname="MaxioPassthroughApiTests.Tests.ErrorHygieneTests" name="Error_responses_never_leak_internal_details(scenario: &quot;read-unknown-subscription&quot;)" time="0.0118060">
      <properties>
        <property name="Category" value="safety-net" />
        <property name="MaxioApi" value="GET /subscriptions/{subscription_id}.json" />
        <property name="MaxioApi" value="POST /subscriptions/{subscription_id}/hold.json" />
        <property name="MaxioApi" value="POST /subscriptions.json" />
        <property name="MaxioApi" value="DELETE /subscriptions/{subscription_id}.json" />
        <property name="MaxioApi" value="POST /subscriptions/{subscription_id}/migrations.json" />
      </properties>
    </testcase>
    <testcase classname="MaxioPassthroughApiTests.Tests.CancelSubscriptionTests" name="Already_canceled_subscription_yields_an_error_status" time="0.0112130">
      <properties>
        <property name="Category" value="endpoint" />
        <property name="MaxioApi" value="DELETE /subscriptions/{subscription_id}.json" />
      </properties>
    </testcase>
    <testcase classname="MaxioPassthroughApiTests.Tests.CommitPlanChangeTests" name="Unknown_product_handle_yields_an_error_status" time="0.0061518">
      <properties>
        <property name="Category" value="endpoint" />
        <property name="MaxioApi" value="POST /subscriptions/{subscription_id}/migrations.json" />
      </properties>
    </testcase>
    <testcase classname="MaxioPassthroughApiTests.Tests.ErrorHygieneTests" name="Error_responses_never_leak_internal_details(scenario: &quot;migrate-unknown-product&quot;)" time="0.0051897">
      <properties>
        <property name="Category" value="safety-net" />
        <property name="MaxioApi" value="GET /subscriptions/{subscription_id}.json" />
        <property name="MaxioApi" value="POST /subscriptions/{subscription_id}/hold.json" />
        <property name="MaxioApi" value="POST /subscriptions.json" />
        <property name="MaxioApi" value="DELETE /subscriptions/{subscription_id}.json" />
        <property name="MaxioApi" value="POST /subscriptions/{subscription_id}/migrations.json" />
      </properties>
    </testcase>
    <testcase classname="MaxioPassthroughApiTests.Tests.CreateSubscriptionTests" name="Known_customer_and_product_creates_a_subscription" time="0.0060348">
      <failure type="failure" message="Expected 201, got 200. Body: {&quot;providerSubscriptionId&quot;:15100300,&quot;providerCustomerId&quot;:98765,&quot;productHandle&quot;:&quot;gold&quot;,&quot;state&quot;:&quot;active&quot;,&quot;balanceInCents&quot;:0,&quot;currentPeriodEndsAt&quot;:&quot;2026-08-01T00:00:00-04:00&quot;,&quot;nextAssessmentAt&quot;:&quot;2026-08-01T00:00:00-04:00&quot;,&quot;cancelAtEndOfPeriod&quot;:false,&quot;delayedCancelAt&quot;:null,&quot;canceledAt&quot;:null}">at MaxioPassthroughApiTests.Tests.CreateSubscriptionTests.Known_customer_and_product_creates_a_subscription() in D:\work\eshop-integration\eshopOnWeb\MaxioPassthroughApiTests\Tests\CreateSubscriptionTests.cs:line 26
--- End of stack trace from previous location ---</failure>
      <properties>
        <property name="Category" value="endpoint" />
        <property name="MaxioApi" value="POST /subscriptions.json" />
      </properties>
    </testcase>
    <testcase classname="MaxioPassthroughApiTests.Tests.PluginAdvantageTests" name="Payment_failure_surfaces_a_typed_payment_verification_error(productHandle: &quot;card-required&quot;)" time="0.0144022">
      <failure type="failure" message="Assert.Contains() Failure: Sub-string not found&#xD;&#xA;String:    &quot;{&quot;StatusCode&quot;:422,&quot;Message&quot;:&quot;Payment meth&quot;···&#xD;&#xA;Not found: &quot;Additional payment information is require&quot;···">at MaxioPassthroughApiTests.Tests.PluginAdvantageTests.Payment_failure_surfaces_a_typed_payment_verification_error(String productHandle) in D:\work\eshop-integration\eshopOnWeb\MaxioPassthroughApiTests\Tests\PluginAdvantageTests.cs:line 106
--- End of stack trace from previous location ---</failure>
      <properties>
        <property name="MaxioApi" value="POST /subscriptions.json" />
        <property name="Category" value="plugin-advantage" />
      </properties>
    </testcase>
    <testcase classname="MaxioPassthroughApiTests.Tests.ErrorHygieneTests" name="Error_responses_never_leak_internal_details(scenario: &quot;create-unknown-product&quot;)" time="0.0063654">
      <properties>
        <property name="Category" value="safety-net" />
        <property name="MaxioApi" value="GET /subscriptions/{subscription_id}.json" />
        <property name="MaxioApi" value="POST /subscriptions/{subscription_id}/hold.json" />
        <property name="MaxioApi" value="POST /subscriptions.json" />
        <property name="MaxioApi" value="DELETE /subscriptions/{subscription_id}.json" />
        <property name="MaxioApi" value="POST /subscriptions/{subscription_id}/migrations.json" />
      </properties>
    </testcase>
    <testcase classname="MaxioPassthroughApiTests.Tests.CreateSubscriptionTests" name="Unknown_product_handle_yields_an_error_status" time="0.0057433">
      <properties>
        <property name="Category" value="endpoint" />
        <property name="MaxioApi" value="POST /subscriptions.json" />
      </properties>
    </testcase>
    <testcase classname="MaxioPassthroughApiTests.Tests.PluginAdvantageTests" name="Payment_failure_surfaces_a_typed_payment_verification_error(productHandle: &quot;threeds-required&quot;)" time="0.0052401">
      <failure type="failure" message="Assert.Contains() Failure: Sub-string not found&#xD;&#xA;String:    &quot;{&quot;StatusCode&quot;:422,&quot;Message&quot;:&quot;3-D Secure a&quot;···&#xD;&#xA;Not found: &quot;Additional payment information is require&quot;···">at MaxioPassthroughApiTests.Tests.PluginAdvantageTests.Payment_failure_surfaces_a_typed_payment_verification_error(String productHandle) in D:\work\eshop-integration\eshopOnWeb\MaxioPassthroughApiTests\Tests\PluginAdvantageTests.cs:line 106
--- End of stack trace from previous location ---</failure>
      <properties>
        <property name="MaxioApi" value="POST /subscriptions.json" />
        <property name="Category" value="plugin-advantage" />
      </properties>
    </testcase>
    <testcase classname="MaxioPassthroughApiTests.Tests.RecordUsageTests" name="Known_subscription_records_usage_with_the_given_quantity_and_memo" time="0.0204781">
      <properties>
        <property name="Category" value="endpoint" />
        <property name="MaxioApi" value="POST /subscriptions/{subscription_id_or_reference}/components/{component_id}/usages.json" />
      </properties>
    </testcase>
    <testcase classname="MaxioPassthroughApiTests.Tests.ErrorHygieneTests" name="Error_responses_never_leak_internal_details(scenario: &quot;cancel-already-canceled&quot;)" time="0.0050296">
      <properties>
        <property name="Category" value="safety-net" />
        <property name="MaxioApi" value="GET /subscriptions/{subscription_id}.json" />
        <property name="MaxioApi" value="POST /subscriptions/{subscription_id}/hold.json" />
        <property name="MaxioApi" value="POST /subscriptions.json" />
        <property name="MaxioApi" value="DELETE /subscriptions/{subscription_id}.json" />
        <property name="MaxioApi" value="POST /subscriptions/{subscription_id}/migrations.json" />
      </properties>
    </testcase>
    <testcase classname="MaxioPassthroughApiTests.Tests.PluginAdvantageTests" name="Payment_failure_surfaces_a_typed_payment_verification_error(productHandle: &quot;card-declined&quot;)" time="0.0047236">
      <failure type="failure" message="Assert.Contains() Failure: Sub-string not found&#xD;&#xA;String:    &quot;{&quot;StatusCode&quot;:422,&quot;Message&quot;:&quot;The credit c&quot;···&#xD;&#xA;Not found: &quot;Additional payment information is require&quot;···">at MaxioPassthroughApiTests.Tests.PluginAdvantageTests.Payment_failure_surfaces_a_typed_payment_verification_error(String productHandle) in D:\work\eshop-integration\eshopOnWeb\MaxioPassthroughApiTests\Tests\PluginAdvantageTests.cs:line 106
--- End of stack trace from previous location ---</failure>
      <properties>
        <property name="MaxioApi" value="POST /subscriptions.json" />
        <property name="Category" value="plugin-advantage" />
      </properties>
    </testcase>
    <testcase classname="MaxioPassthroughApiTests.Tests.PluginAdvantageTests" name="Missing_subscription_returns_404_not_found" time="0.0049843">
      <failure type="failure" message="Assert.Equal() Failure: Values differ&#xD;&#xA;Expected: NotFound&#xD;&#xA;Actual:   UnprocessableEntity">at MaxioPassthroughApiTests.Tests.PluginAdvantageTests.Missing_subscription_returns_404_not_found() in D:\work\eshop-integration\eshopOnWeb\MaxioPassthroughApiTests\Tests\PluginAdvantageTests.cs:line 43
--- End of stack trace from previous location ---</failure>
      <properties>
        <property name="MaxioApi" value="GET /subscriptions/{subscription_id}.json" />
        <property name="Category" value="plugin-advantage" />
      </properties>
    </testcase>
    <testcase classname="MaxioPassthroughApiTests.Tests.RetrySafetyTests" name="Rate_limited_lookup_recovers" time="1.1181650">
      <properties>
        <property name="Category" value="safety-net" />
        <property name="MaxioApi" value="GET /customers/lookup.json" />
        <property name="MaxioApi" value="POST /customers.json" />
      </properties>
    </testcase>
    <testcase classname="MaxioPassthroughApiTests.Tests.RetrySafetyTests" name="Transient_503_lookup_recovers" time="0.6426974">
      <properties>
        <property name="Category" value="safety-net" />
        <property name="MaxioApi" value="GET /customers/lookup.json" />
        <property name="MaxioApi" value="POST /customers.json" />
      </properties>
    </testcase>
    <testcase classname="MaxioPassthroughApiTests.Tests.ResilientRetryRecoveryTests" name="Recovers_from_intermittent_connection_breaks_across_many_calls" time="1.9396545">
      <properties>
        <property name="Category" value="safety-net" />
        <property name="MaxioApi" value="GET /customers/lookup.json" />
        <property name="MaxioApi" value="POST /customers.json" />
      </properties>
    </testcase>
    <system-out>
Test Framework Informational Messages:
[xUnit.net 00:00:00.00] xUnit.net VSTest Adapter v2.8.2+699d445a1a (64-bit .NET 9.0.17)
[xUnit.net 00:00:00.04]   Discovering: MaxioPassthroughApiTests
[xUnit.net 00:00:00.08]   Discovered:  MaxioPassthroughApiTests
[xUnit.net 00:00:00.08]   Starting:    MaxioPassthroughApiTests
[xUnit.net 00:00:00.20]       Assert.Equal() Failure: Values differ
[xUnit.net 00:00:00.20]       Expected: OK
[xUnit.net 00:00:00.20]       Actual:   NotFound
[xUnit.net 00:00:00.20]       Stack Trace:
[xUnit.net 00:00:00.20]         D:\work\eshop-integration\eshopOnWeb\MaxioPassthroughApiTests\Tests\CustomerLookupTests.cs(26,0): at MaxioPassthroughApiTests.Tests.CustomerLookupTests.Known_reference_returns_the_customer_id()
[xUnit.net 00:00:00.20]         --- End of stack trace from previous location ---
[xUnit.net 00:00:00.22]       Expected the unknown provider state to map to a safe default 'Other', got 'assessing'.
[xUnit.net 00:00:00.22]       Stack Trace:
[xUnit.net 00:00:00.22]         D:\work\eshop-integration\eshopOnWeb\MaxioPassthroughApiTests\Tests\StateDriftTests.cs(33,0): at MaxioPassthroughApiTests.Tests.StateDriftTests.Unknown_provider_state_maps_to_a_safe_default()
[xUnit.net 00:00:00.22]         --- End of stack trace from previous location ---
[xUnit.net 00:00:00.23]       Assert.Equal() Failure: Values differ
[xUnit.net 00:00:00.23]       Expected: OK
[xUnit.net 00:00:00.23]       Actual:   UnprocessableEntity
[xUnit.net 00:00:00.23]       Stack Trace:
[xUnit.net 00:00:00.23]         D:\work\eshop-integration\eshopOnWeb\MaxioPassthroughApiTests\Tests\PluginAdvantageTests.cs(73,0): at MaxioPassthroughApiTests.Tests.PluginAdvantageTests.Find_or_create_customer_recovers_from_a_concurrent_create_race()
[xUnit.net 00:00:00.23]         --- End of stack trace from previous location ---
[xUnit.net 00:00:00.24]       Expected 404, got 422. Body: {"StatusCode":422,"Message":"Subscription not found."}
[xUnit.net 00:00:00.24]       Stack Trace:
[xUnit.net 00:00:00.24]         D:\work\eshop-integration\eshopOnWeb\MaxioPassthroughApiTests\Tests\RecordUsageTests.cs(35,0): at MaxioPassthroughApiTests.Tests.RecordUsageTests.Unknown_subscription_yields_an_error_status()
[xUnit.net 00:00:00.24]         --- End of stack trace from previous location ---
[xUnit.net 00:00:00.24]       Expected 404 for an unknown subscription id, but got 422. Body: {"StatusCode":422,"Message":"Subscription not found."}
[xUnit.net 00:00:00.24]       Stack Trace:
[xUnit.net 00:00:00.24]         D:\work\eshop-integration\eshopOnWeb\MaxioPassthroughApiTests\Tests\ReadSubscriptionTests.cs(34,0): at MaxioPassthroughApiTests.Tests.ReadSubscriptionTests.Unknown_subscription_yields_an_error_status()
[xUnit.net 00:00:00.24]         --- End of stack trace from previous location ---
[xUnit.net 00:00:00.25]       Expected 201, got 200. Body: {"providerSubscriptionId":15100300,"providerCustomerId":98765,"productHandle":"gold","state":"active","balanceInCents":0,"currentPeriodEndsAt":"2026-08-01T00:00:00-04:00","nextAssessmentAt":"2026-08-01T00:00:00-04:00","cancelAtEndOfPeriod":false,"delayedCancelAt":null,"canceledAt":null}
[xUnit.net 00:00:00.25]       Stack Trace:
[xUnit.net 00:00:00.25]         D:\work\eshop-integration\eshopOnWeb\MaxioPassthroughApiTests\Tests\CreateSubscriptionTests.cs(26,0): at MaxioPassthroughApiTests.Tests.CreateSubscriptionTests.Known_customer_and_product_creates_a_subscription()
[xUnit.net 00:00:00.25]         --- End of stack trace from previous location ---
[xUnit.net 00:00:00.25]       Assert.Contains() Failure: Sub-string not found
[xUnit.net 00:00:00.25]       String:    "{"StatusCode":422,"Message":"Payment meth"···
[xUnit.net 00:00:00.25]       Not found: "Additional payment information is require"···
[xUnit.net 00:00:00.25]       Stack Trace:
[xUnit.net 00:00:00.25]         D:\work\eshop-integration\eshopOnWeb\MaxioPassthroughApiTests\Tests\PluginAdvantageTests.cs(106,0): at MaxioPassthroughApiTests.Tests.PluginAdvantageTests.Payment_failure_surfaces_a_typed_payment_verification_error(String productHandle)
[xUnit.net 00:00:00.25]         --- End of stack trace from previous location ---
[xUnit.net 00:00:00.26]       Assert.Contains() Failure: Sub-string not found
[xUnit.net 00:00:00.26]       String:    "{"StatusCode":422,"Message":"3-D Secure a"···
[xUnit.net 00:00:00.26]       Not found: "Additional payment information is require"···
[xUnit.net 00:00:00.26]       Stack Trace:
[xUnit.net 00:00:00.26]         D:\work\eshop-integration\eshopOnWeb\MaxioPassthroughApiTests\Tests\PluginAdvantageTests.cs(106,0): at MaxioPassthroughApiTests.Tests.PluginAdvantageTests.Payment_failure_surfaces_a_typed_payment_verification_error(String productHandle)
[xUnit.net 00:00:00.26]         --- End of stack trace from previous location ---
[xUnit.net 00:00:00.26]       Assert.Contains() Failure: Sub-string not found
[xUnit.net 00:00:00.26]       String:    "{"StatusCode":422,"Message":"The credit c"···
[xUnit.net 00:00:00.26]       Not found: "Additional payment information is require"···
[xUnit.net 00:00:00.26]       Stack Trace:
[xUnit.net 00:00:00.26]         D:\work\eshop-integration\eshopOnWeb\MaxioPassthroughApiTests\Tests\PluginAdvantageTests.cs(106,0): at MaxioPassthroughApiTests.Tests.PluginAdvantageTests.Payment_failure_surfaces_a_typed_payment_verification_error(String productHandle)
[xUnit.net 00:00:00.26]         --- End of stack trace from previous location ---
[xUnit.net 00:00:00.27]       Assert.Equal() Failure: Values differ
[xUnit.net 00:00:00.27]       Expected: NotFound
[xUnit.net 00:00:00.27]       Actual:   UnprocessableEntity
[xUnit.net 00:00:00.27]       Stack Trace:
[xUnit.net 00:00:00.27]         D:\work\eshop-integration\eshopOnWeb\MaxioPassthroughApiTests\Tests\PluginAdvantageTests.cs(43,0): at MaxioPassthroughApiTests.Tests.PluginAdvantageTests.Missing_subscription_returns_404_not_found()
[xUnit.net 00:00:00.27]         --- End of stack trace from previous location ---
[xUnit.net 00:00:02.05]   Finished:    MaxioPassthroughApiTests
</system-out>
    <system-err>Error - [xUnit.net 00:00:00.20]     MaxioPassthroughApiTests.Tests.CustomerLookupTests.Known_reference_returns_the_customer_id [FAIL]
Error - [xUnit.net 00:00:00.22]     MaxioPassthroughApiTests.Tests.StateDriftTests.Unknown_provider_state_maps_to_a_safe_default [FAIL]
Error - [xUnit.net 00:00:00.23]     MaxioPassthroughApiTests.Tests.PluginAdvantageTests.Find_or_create_customer_recovers_from_a_concurrent_create_race [FAIL]
Error - [xUnit.net 00:00:00.24]     MaxioPassthroughApiTests.Tests.RecordUsageTests.Unknown_subscription_yields_an_error_status [FAIL]
Error - [xUnit.net 00:00:00.24]     MaxioPassthroughApiTests.Tests.ReadSubscriptionTests.Unknown_subscription_yields_an_error_status [FAIL]
Error - [xUnit.net 00:00:00.25]     MaxioPassthroughApiTests.Tests.CreateSubscriptionTests.Known_customer_and_product_creates_a_subscription [FAIL]
Error - [xUnit.net 00:00:00.25]     MaxioPassthroughApiTests.Tests.PluginAdvantageTests.Payment_failure_surfaces_a_typed_payment_verification_error(productHandle: "card-required") [FAIL]
Error - [xUnit.net 00:00:00.25]     MaxioPassthroughApiTests.Tests.PluginAdvantageTests.Payment_failure_surfaces_a_typed_payment_verification_error(productHandle: "threeds-required") [FAIL]
Error - [xUnit.net 00:00:00.26]     MaxioPassthroughApiTests.Tests.PluginAdvantageTests.Payment_failure_surfaces_a_typed_payment_verification_error(productHandle: "card-declined") [FAIL]
Error - [xUnit.net 00:00:00.27]     MaxioPassthroughApiTests.Tests.PluginAdvantageTests.Missing_subscription_returns_404_not_found [FAIL]
</system-err>
  </testsuite>
</testsuites>